<?xml version="1.0" encoding="UTF-8"?>
<!-- Generated by org.testng.reporters.JUnitReportReporter -->
<testsuite hostname="ZMO-WIN-ShubhamG-01" failures="0" tests="1" name="qaclickacademy.Mevenjava.SeleniumTest" time="0.013" errors="0" timestamp="2021-12-01T11:37:19 IST" skipped="0">
  <testcase classname="qaclickacademy.Mevenjava.SeleniumTest" name="BrowseAutomation" time="0.013"/>
  <system-out/>
</testsuite> <!-- qaclickacademy.Mevenjava.SeleniumTest -->
