<?xml version="1.0" encoding="UTF-8"?>
<!-- Generated by org.testng.reporters.JUnitReportReporter -->
<testsuite skipped="0" hostname="ZMO-WIN-ShubhamG-01" name="qaclickacademy.Mevenjava.SeleniumTest" tests="2" failures="0" timestamp="06 Dec 2021 06:38:37 GMT" time="0.013" errors="0">
  <testcase name="elementsUi" time="0.000" classname="qaclickacademy.Mevenjava.SeleniumTest"/>
  <testcase name="BrowseAutomation" time="0.013" classname="qaclickacademy.Mevenjava.SeleniumTest"/>
</testsuite> <!-- qaclickacademy.Mevenjava.SeleniumTest -->
