<?xml version="1.0" encoding="UTF-8"?>
<!-- Generated by org.testng.reporters.JUnitReportReporter -->
<testsuite skipped="0" hostname="ZMO-WIN-ShubhamG-01" name="qaclickacademy.Mevenjava.RESTAPITest" tests="2" failures="0" timestamp="06 Dec 2021 06:38:37 GMT" time="0.001" errors="0">
  <testcase name="deleteTwitter" time="0.001" classname="qaclickacademy.Mevenjava.RESTAPITest"/>
  <testcase name="postJira" time="0.000" classname="qaclickacademy.Mevenjava.RESTAPITest"/>
</testsuite> <!-- qaclickacademy.Mevenjava.RESTAPITest -->
