<?xml version="1.0" encoding="UTF-8"?>
<!-- Generated by org.testng.reporters.JUnitReportReporter -->
<testsuite skipped="0" hostname="ZMO-WIN-ShubhamG-01" name="qaclickacademy.Mevenjava.AppiumTest" tests="2" failures="0" timestamp="06 Dec 2021 06:38:16 GMT" time="0.000" errors="0">
  <testcase name="IOSApps" time="0.000" classname="qaclickacademy.Mevenjava.AppiumTest"/>
  <testcase name="NativeAppAndroid" time="0.000" classname="qaclickacademy.Mevenjava.AppiumTest"/>
</testsuite> <!-- qaclickacademy.Mevenjava.AppiumTest -->
